<?xml version="1.0" encoding="UTF-8"?>
<testng-results skipped="0" failed="0" ignored="0" total="1" passed="1">
  <reporter-output>
  </reporter-output>
  <suite name="Default suite" duration-ms="2328" started-at="2022-05-02T13:43:26 CDT" finished-at="2022-05-02T13:43:28 CDT">
    <groups>
    </groups>
    <test name="Default test" duration-ms="2328" started-at="2022-05-02T13:43:26 CDT" finished-at="2022-05-02T13:43:28 CDT">
      <class name="test.ValidateMonthDropDownContainsAllMonths">
        <test-method status="PASS" signature="validateMonthDropDown()[pri:0, instance:test.ValidateMonthDropDownContainsAllMonths@1e7c7811]" name="validateMonthDropDown" duration-ms="2308" started-at="2022-05-02T13:43:26 CDT" finished-at="2022-05-02T13:43:28 CDT">
          <reporter-output>
          </reporter-output>
        </test-method> <!-- validateMonthDropDown -->
      </class> <!-- test.ValidateMonthDropDownContainsAllMonths -->
    </test> <!-- Default test -->
  </suite> <!-- Default suite -->
</testng-results>
